  Splats.cpp
C:\Users\SOFI }\source\repos\Práctica U4\Actividad III Splats\Splats\Splats.cpp(37,80): warning C4244: 'argument': conversion from 'int' to 'T', possible loss of data
C:\Users\SOFI }\source\repos\Práctica U4\Actividad III Splats\Splats\Splats.cpp(37,80): warning C4244:         with
C:\Users\SOFI }\source\repos\Práctica U4\Actividad III Splats\Splats\Splats.cpp(37,80): warning C4244:         [
C:\Users\SOFI }\source\repos\Práctica U4\Actividad III Splats\Splats\Splats.cpp(37,80): warning C4244:             T=float
C:\Users\SOFI }\source\repos\Práctica U4\Actividad III Splats\Splats\Splats.cpp(37,80): warning C4244:         ]
C:\Users\SOFI }\source\repos\Práctica U4\Actividad III Splats\Splats\Splats.cpp(37,59): warning C4244: 'argument': conversion from 'int' to 'T', possible loss of data
C:\Users\SOFI }\source\repos\Práctica U4\Actividad III Splats\Splats\Splats.cpp(37,59): warning C4244:         with
C:\Users\SOFI }\source\repos\Práctica U4\Actividad III Splats\Splats\Splats.cpp(37,59): warning C4244:         [
C:\Users\SOFI }\source\repos\Práctica U4\Actividad III Splats\Splats\Splats.cpp(37,59): warning C4244:             T=float
C:\Users\SOFI }\source\repos\Práctica U4\Actividad III Splats\Splats\Splats.cpp(37,59): warning C4244:         ]
C:\Users\SOFI }\source\repos\Práctica U4\Actividad III Splats\Splats\Splats.cpp(42,80): warning C4244: 'argument': conversion from 'int' to 'T', possible loss of data
C:\Users\SOFI }\source\repos\Práctica U4\Actividad III Splats\Splats\Splats.cpp(42,80): warning C4244:         with
C:\Users\SOFI }\source\repos\Práctica U4\Actividad III Splats\Splats\Splats.cpp(42,80): warning C4244:         [
C:\Users\SOFI }\source\repos\Práctica U4\Actividad III Splats\Splats\Splats.cpp(42,80): warning C4244:             T=float
C:\Users\SOFI }\source\repos\Práctica U4\Actividad III Splats\Splats\Splats.cpp(42,80): warning C4244:         ]
C:\Users\SOFI }\source\repos\Práctica U4\Actividad III Splats\Splats\Splats.cpp(42,59): warning C4244: 'argument': conversion from 'int' to 'T', possible loss of data
C:\Users\SOFI }\source\repos\Práctica U4\Actividad III Splats\Splats\Splats.cpp(42,59): warning C4244:         with
C:\Users\SOFI }\source\repos\Práctica U4\Actividad III Splats\Splats\Splats.cpp(42,59): warning C4244:         [
C:\Users\SOFI }\source\repos\Práctica U4\Actividad III Splats\Splats\Splats.cpp(42,59): warning C4244:             T=float
C:\Users\SOFI }\source\repos\Práctica U4\Actividad III Splats\Splats\Splats.cpp(42,59): warning C4244:         ]
Splats.obj : error LNK2019: unresolved external symbol "__declspec(dllimport) public: __cdecl sf::String::String(char const *,class std::locale const &)" (__imp_??0String@sf@@QEAA@PEBDAEBVlocale@std@@@Z) referenced in function main
Splats.obj : error LNK2019: unresolved external symbol "__declspec(dllimport) public: __cdecl sf::String::~String(void)" (__imp_??1String@sf@@QEAA@XZ) referenced in function main
Splats.obj : error LNK2019: unresolved external symbol "__declspec(dllimport) public: __cdecl sf::VideoMode::VideoMode(unsigned int,unsigned int,unsigned int)" (__imp_??0VideoMode@sf@@QEAA@III@Z) referenced in function main
Splats.obj : error LNK2019: unresolved external symbol "__declspec(dllimport) public: void __cdecl sf::Window::close(void)" (__imp_?close@Window@sf@@QEAAXXZ) referenced in function main
Splats.obj : error LNK2019: unresolved external symbol "__declspec(dllimport) public: bool __cdecl sf::Window::isOpen(void)const " (__imp_?isOpen@Window@sf@@QEBA_NXZ) referenced in function main
Splats.obj : error LNK2019: unresolved external symbol "__declspec(dllimport) public: bool __cdecl sf::Window::pollEvent(class sf::Event &)" (__imp_?pollEvent@Window@sf@@QEAA_NAEAVEvent@2@@Z) referenced in function main
Splats.obj : error LNK2019: unresolved external symbol "__declspec(dllimport) public: void __cdecl sf::Window::display(void)" (__imp_?display@Window@sf@@QEAAXXZ) referenced in function main
Splats.obj : error LNK2019: unresolved external symbol "__declspec(dllimport) public: void __cdecl sf::Transformable::setPosition(class sf::Vector2<float> const &)" (__imp_?setPosition@Transformable@sf@@QEAAXAEBV?$Vector2@M@2@@Z) referenced in function main
Splats.obj : error LNK2019: unresolved external symbol "__declspec(dllimport) public: __cdecl sf::Color::Color(unsigned char,unsigned char,unsigned char,unsigned char)" (__imp_??0Color@sf@@QEAA@EEEE@Z) referenced in function main
Splats.obj : error LNK2019: unresolved external symbol "__declspec(dllimport) public: __cdecl sf::Texture::Texture(void)" (__imp_??0Texture@sf@@QEAA@XZ) referenced in function "void __cdecl `dynamic initializer for 'texture1''(void)" (??__Etexture1@@YAXXZ)
Splats.obj : error LNK2019: unresolved external symbol "__declspec(dllimport) public: __cdecl sf::Texture::~Texture(void)" (__imp_??1Texture@sf@@QEAA@XZ) referenced in function "void __cdecl `dynamic atexit destructor for 'texture1''(void)" (??__Ftexture1@@YAXXZ)
Splats.obj : error LNK2019: unresolved external symbol "__declspec(dllimport) public: bool __cdecl sf::Texture::loadFromFile(class std::basic_string<char,struct std::char_traits<char>,class std::allocator<char> > const &,class sf::Rect<int> const &)" (__imp_?loadFromFile@Texture@sf@@QEAA_NAEBV?$basic_string@DU?$char_traits@D@std@@V?$allocator@D@2@@std@@AEBV?$Rect@H@2@@Z) referenced in function main
Splats.obj : error LNK2019: unresolved external symbol "__declspec(dllimport) public: void __cdecl sf::RenderTarget::clear(class sf::Color const &)" (__imp_?clear@RenderTarget@sf@@QEAAXAEBVColor@2@@Z) referenced in function main
Splats.obj : error LNK2019: unresolved external symbol "__declspec(dllimport) public: void __cdecl sf::RenderTarget::draw(class sf::Drawable const &,class sf::RenderStates const &)" (__imp_?draw@RenderTarget@sf@@QEAAXAEBVDrawable@2@AEBVRenderStates@2@@Z) referenced in function main
Splats.obj : error LNK2019: unresolved external symbol "__declspec(dllimport) public: __cdecl sf::RenderWindow::RenderWindow(class sf::VideoMode,class sf::String const &,unsigned int,struct sf::ContextSettings const &)" (__imp_??0RenderWindow@sf@@QEAA@VVideoMode@1@AEBVString@1@IAEBUContextSettings@1@@Z) referenced in function main
Splats.obj : error LNK2019: unresolved external symbol "__declspec(dllimport) public: virtual __cdecl sf::RenderWindow::~RenderWindow(void)" (__imp_??1RenderWindow@sf@@UEAA@XZ) referenced in function main
Splats.obj : error LNK2019: unresolved external symbol "__declspec(dllimport) public: __cdecl sf::Sprite::Sprite(void)" (__imp_??0Sprite@sf@@QEAA@XZ) referenced in function "void __cdecl `dynamic initializer for 'sprite1''(void)" (??__Esprite1@@YAXXZ)
Splats.obj : error LNK2019: unresolved external symbol "__declspec(dllimport) public: void __cdecl sf::Sprite::setTexture(class sf::Texture const &,bool)" (__imp_?setTexture@Sprite@sf@@QEAAXAEBVTexture@2@_N@Z) referenced in function main
Splats.obj : error LNK2019: unresolved external symbol "__declspec(dllimport) public: virtual __cdecl sf::Sprite::~Sprite(void)" (__imp_??1Sprite@sf@@UEAA@XZ) referenced in function "void __cdecl `dynamic atexit destructor for 'sprite1''(void)" (??__Fsprite1@@YAXXZ)
Splats.obj : error LNK2019: unresolved external symbol "__declspec(dllimport) public: static class sf::RenderStates const sf::RenderStates::Default" (__imp_?Default@RenderStates@sf@@2V12@B) referenced in function main
C:\SFML-2.1\SFML-2.5.1\lib\sfml-audio-d.lib : warning LNK4272: library machine type 'x86' conflicts with target machine type 'x64'
C:\SFML-2.1\SFML-2.5.1\lib\sfml-graphics-d.lib : warning LNK4272: library machine type 'x86' conflicts with target machine type 'x64'
C:\SFML-2.1\SFML-2.5.1\lib\sfml-main-d.lib : warning LNK4272: library machine type 'x86' conflicts with target machine type 'x64'
C:\SFML-2.1\SFML-2.5.1\lib\sfml-system-d.lib : warning LNK4272: library machine type 'x86' conflicts with target machine type 'x64'
C:\SFML-2.1\SFML-2.5.1\lib\sfml-window-d.lib : warning LNK4272: library machine type 'x86' conflicts with target machine type 'x64'
C:\Users\SOFI }\source\repos\Práctica U4\Actividad III Splats\Splats\x64\Debug\Splats.exe : fatal error LNK1120: 20 unresolved externals
